<?xml version="1.0" encoding="UTF-8"?>
<!-- Generated by org.testng.reporters.JUnitXMLReporter -->
<testsuite ignored="0" hostname="LAPTOP-KT9EJAVP" failures="0" tests="1" name="Command line test" time="0.038" errors="0" timestamp="2020-01-25T00:35:15 EST">
  <testcase classname="common.CommonAPI" name="@BeforeMethod setUp" time="-1.579930515379E9">
    <failure type="org.testng.TestNGException" message="
Can inject only one of &amp;lt;ITestContext, XmlTest, Method, Object[], ITestResult&amp;gt; into a @BeforeMethod annotated setUp.
For more information on native dependency injection please refer to http://testng.org/doc/documentation-main.html#native-dependency-injection">
      <![CDATA[org.testng.TestNGException: 
Can inject only one of <ITestContext, XmlTest, Method, Object[], ITestResult> into a @BeforeMethod annotated setUp.
For more information on native dependency injection please refer to http://testng.org/doc/documentation-main.html#native-dependency-injection
at java.base/java.util.ArrayList.forEach(ArrayList.java:1507)
... Removed 37 stack frames]]>
    </failure>
  </testcase> <!-- @BeforeMethod setUp -->
  <testcase classname="common.CommonAPI" name="@AfterMethod cleanUp" time="-1.579930515391E9">
    <skipped/>
  </testcase> <!-- @AfterMethod cleanUp -->
  <testcase classname="home.HomeTest" name="testUserCanLogInSuccessfully" time="0.0">
    <skipped/>
  </testcase> <!-- testUserCanLogInSuccessfully -->
</testsuite> <!-- Command line test -->
